<?xml version="1.0" encoding="UTF-8"?>
<testsuite xmlns:xsi="http://www.w3.org/2001/XMLSchema-instance" xsi:noNamespaceSchemaLocation="https://maven.apache.org/surefire/maven-surefire-plugin/xsd/surefire-test-report.xsd" name="com.example.AppTest" time="2.971" tests="3" errors="0" skipped="0" failures="0">
  <properties>
[...]
</properties>
  <testcase name="testPostSteve" classname="com.example.AppTest" time="2.135"/>
  <testcase name="testGetJanet" classname="com.example.AppTest" time="0.724"/>
  <testcase name="testGetUsers" classname="com.example.AppTest" time="0.067"/>
</testsuite>